  game.cpp
c:\users\tiago campos\documents\so\game\game\game.cpp(135): warning C4244: 'argument': conversion from 'time_t' to 'unsigned int', possible loss of data
c:\users\tiago campos\documents\so\game\game\game.cpp(184): warning C4996: 'scanf': This function or variable may be unsafe. Consider using scanf_s instead. To disable deprecation, use _CRT_SECURE_NO_WARNINGS. See online help for details.
  c:\program files (x86)\windows kits\10\include\10.0.10240.0\ucrt\stdio.h(1270): note: see declaration of 'scanf'
c:\users\tiago campos\documents\so\game\game\game.cpp(169): warning C4101: 'cells': unreferenced local variable
c:\users\tiago campos\documents\so\game\game\game.cpp(172): warning C4101: 'nCells': unreferenced local variable
c:\users\tiago campos\documents\so\game\game\game.cpp(150): warning C4101: 'i': unreferenced local variable
c:\users\tiago campos\documents\so\game\game\game.cpp(293): warning C4996: 'scanf': This function or variable may be unsafe. Consider using scanf_s instead. To disable deprecation, use _CRT_SECURE_NO_WARNINGS. See online help for details.
  c:\program files (x86)\windows kits\10\include\10.0.10240.0\ucrt\stdio.h(1270): note: see declaration of 'scanf'
c:\users\tiago campos\documents\so\game\game\game.cpp(325): warning C4996: 'strcpy': This function or variable may be unsafe. Consider using strcpy_s instead. To disable deprecation, use _CRT_SECURE_NO_WARNINGS. See online help for details.
  c:\program files (x86)\windows kits\10\include\10.0.10240.0\ucrt\string.h(119): note: see declaration of 'strcpy'
c:\users\tiago campos\documents\so\game\game\game.cpp(336): warning C4996: 'strcpy': This function or variable may be unsafe. Consider using strcpy_s instead. To disable deprecation, use _CRT_SECURE_NO_WARNINGS. See online help for details.
  c:\program files (x86)\windows kits\10\include\10.0.10240.0\ucrt\string.h(119): note: see declaration of 'strcpy'
c:\users\tiago campos\documents\so\game\game\game.cpp(366): warning C4996: 'fopen': This function or variable may be unsafe. Consider using fopen_s instead. To disable deprecation, use _CRT_SECURE_NO_WARNINGS. See online help for details.
  c:\program files (x86)\windows kits\10\include\10.0.10240.0\ucrt\stdio.h(205): note: see declaration of 'fopen'
c:\users\tiago campos\documents\so\game\game\game.cpp(371): warning C4996: 'sscanf': This function or variable may be unsafe. Consider using sscanf_s instead. To disable deprecation, use _CRT_SECURE_NO_WARNINGS. See online help for details.
  c:\program files (x86)\windows kits\10\include\10.0.10240.0\ucrt\stdio.h(2254): note: see declaration of 'sscanf'
c:\users\tiago campos\documents\so\game\game\game.cpp(387): warning C4996: 'strcpy': This function or variable may be unsafe. Consider using strcpy_s instead. To disable deprecation, use _CRT_SECURE_NO_WARNINGS. See online help for details.
  c:\program files (x86)\windows kits\10\include\10.0.10240.0\ucrt\string.h(119): note: see declaration of 'strcpy'
c:\users\tiago campos\documents\so\game\game\game.cpp(419): warning C4996: 'scanf': This function or variable may be unsafe. Consider using scanf_s instead. To disable deprecation, use _CRT_SECURE_NO_WARNINGS. See online help for details.
  c:\program files (x86)\windows kits\10\include\10.0.10240.0\ucrt\stdio.h(1270): note: see declaration of 'scanf'
c:\users\tiago campos\documents\so\game\game\game.cpp(482): warning C4244: 'argument': conversion from 'time_t' to 'unsigned int', possible loss of data
c:\users\tiago campos\documents\so\game\game\game.cpp(623): warning C4244: 'argument': conversion from 'time_t' to 'unsigned int', possible loss of data
c:\users\tiago campos\documents\so\game\game\game.cpp(716): warning C4474: 'printf' : too many arguments passed for format string
  c:\users\tiago campos\documents\so\game\game\game.cpp(716): note: placeholders and their parameters expect 0 variadic arguments, but 1 were provided
c:\users\tiago campos\documents\so\game\game\game.cpp(729): warning C4996: 'strcpy': This function or variable may be unsafe. Consider using strcpy_s instead. To disable deprecation, use _CRT_SECURE_NO_WARNINGS. See online help for details.
  c:\program files (x86)\windows kits\10\include\10.0.10240.0\ucrt\string.h(119): note: see declaration of 'strcpy'
c:\users\tiago campos\documents\so\game\game\game.cpp(746): warning C4996: 'strcpy': This function or variable may be unsafe. Consider using strcpy_s instead. To disable deprecation, use _CRT_SECURE_NO_WARNINGS. See online help for details.
  c:\program files (x86)\windows kits\10\include\10.0.10240.0\ucrt\string.h(119): note: see declaration of 'strcpy'
c:\users\tiago campos\documents\so\game\game\game.cpp(754): warning C4996: 'strcpy': This function or variable may be unsafe. Consider using strcpy_s instead. To disable deprecation, use _CRT_SECURE_NO_WARNINGS. See online help for details.
  c:\program files (x86)\windows kits\10\include\10.0.10240.0\ucrt\string.h(119): note: see declaration of 'strcpy'
c:\users\tiago campos\documents\so\game\game\game.cpp(771): warning C4996: 'strcpy': This function or variable may be unsafe. Consider using strcpy_s instead. To disable deprecation, use _CRT_SECURE_NO_WARNINGS. See online help for details.
  c:\program files (x86)\windows kits\10\include\10.0.10240.0\ucrt\string.h(119): note: see declaration of 'strcpy'
  game.vcxproj -> C:\Users\Tiago Campos\Documents\SO\game\Debug\game.exe
  game.vcxproj -> C:\Users\Tiago Campos\Documents\SO\game\Debug\game.pdb (Full PDB)
